android/app/build/outputs/mapping/release/seeds.txt
androidx.lifecycle.ReflectiveGenericLifecycleObserver
androidx.core.graphics.drawable.IconCompatParcelizer
androidx.lifecycle.SingleGeneratedAdapterObserver
androidx.lifecycle.FullLifecycleObserverAdapter
androidx.core.app.RemoteActionCompatParcelizer
androidx.browser.browseractions.BrowserActionsFallbackMenuView
androidx.lifecycle.CompositeGeneratedAdaptersObserver
androidx.versionedparcelable.CustomVersionedParcelable
androidx.core.app.CoreComponentFactory
com.google.androidbrowserhelper.trusted.LauncherActivity
androidx.core.graphics.drawable.IconCompat
androidx.core.app.RemoteActionCompat
com.google.androidbrowserhelper.trusted.DelegationService
android.support.v4.app.RemoteActionCompatParcelizer
androidx.annotation.Keep
android.support.v4.graphics.drawable.IconCompatParcelizer
androidx.versionedparcelable.ParcelImpl
androidx.versionedparcelable.ParcelImpl: android.os.Parcelable$Creator CREATOR
androidx.browser.browseractions.BrowserActionsFallbackMenuView: BrowserActionsFallbackMenuView(android.content.Context,android.util.AttributeSet)
android.support.v4.app.RemoteActionCompatParcelizer: androidx.core.app.RemoteActionCompat read(androidx.versionedparcelable.VersionedParcel)
android.support.v4.app.RemoteActionCompatParcelizer: RemoteActionCompatParcelizer()
androidx.core.app.RemoteActionCompatParcelizer: void write(androidx.core.app.RemoteActionCompat,androidx.versionedparcelable.VersionedParcel)
android.support.v4.graphics.drawable.IconCompatParcelizer: IconCompatParcelizer()
androidx.core.graphics.drawable.IconCompatParcelizer: IconCompatParcelizer()
androidx.core.graphics.drawable.IconCompatParcelizer: androidx.core.graphics.drawable.IconCompat read(androidx.versionedparcelable.VersionedParcel)
android.support.v4.app.RemoteActionCompatParcelizer: void write(androidx.core.app.RemoteActionCompat,androidx.versionedparcelable.VersionedParcel)
com.google.androidbrowserhelper.trusted.LauncherActivity: LauncherActivity()
androidx.core.graphics.drawable.IconCompatParcelizer: void write(androidx.core.graphics.drawable.IconCompat,androidx.versionedparcelable.VersionedParcel)
android.support.v4.graphics.drawable.IconCompatParcelizer: androidx.core.graphics.drawable.IconCompat read(androidx.versionedparcelable.VersionedParcel)
androidx.core.app.RemoteActionCompatParcelizer: RemoteActionCompatParcelizer()
com.google.androidbrowserhelper.trusted.DelegationService: DelegationService()
androidx.versionedparcelable.CustomVersionedParcelable: CustomVersionedParcelable()
androidx.core.graphics.drawable.IconCompat: IconCompat()
androidx.core.app.RemoteActionCompat: RemoteActionCompat()
android.support.v4.graphics.drawable.IconCompatParcelizer: void write(androidx.core.graphics.drawable.IconCompat,androidx.versionedparcelable.VersionedParcel)
androidx.core.app.CoreComponentFactory: CoreComponentFactory()
androidx.core.app.RemoteActionCompatParcelizer: androidx.core.app.RemoteActionCompat read(androidx.versionedparcelable.VersionedParcel)